<?xml version="1.0" encoding="UTF-8"?>
<testsuite xmlns:xsi="http://www.w3.org/2001/XMLSchema-instance" xsi:noNamespaceSchemaLocation="https://maven.apache.org/surefire/maven-surefire-plugin/xsd/surefire-test-report.xsd" name="com.kafka.connect.transforms.JsonValuesToListTest" time="0.012" tests="3" errors="0" skipped="0" failures="0">
  <properties>
[...]
</properties>
  <testcase name="testTransformWithInvalidFieldType" classname="com.kafka.connect.transforms.JsonValuesToListTest" time="0.008"/>
  <testcase name="testTransformWithValidField" classname="com.kafka.connect.transforms.JsonValuesToListTest" time="0"/>
  <testcase name="testTransformWithMissingField" classname="com.kafka.connect.transforms.JsonValuesToListTest" time="0.001"/>
</testsuite>